
1) skip

2) git config --global user.name "fadingtenshi"
git config --global user.email "pavlovsky2017@yandex.ru"
git config --global init.defaultBranch main

3) apt update
apt install git gh
Reading package lists... Done
Building dependency tree... Done
Reading state information... Done
git is already the newest version (1:2.43.0-1ubuntu7.2).
git set to manually installed.
The following NEW packages will be installed:
  gh
0 upgraded, 1 newly installed, 0 to remove and 23 not upgraded.
Need to get 8,826 kB of archives.
After this operation, 45.4 MB of additional disk space will be used.
Do you want to continue? [Y/n] yes

4) ssh-keygen -t ed25519 -f ~/.ssh/fadingtenshi
Generating public/private ed25519 key pair.
Enter passphrase (empty for no passphrase): 
Enter same passphrase again: 
Your identification has been saved in /root/.ssh/fadingtenshi
Your public key has been saved in /root/.ssh/fadingtenshi.pub
The key fingerprint is:
SHA256:SC176IGVNaka6OEXP2sOMfm0XYh0JqAj7DfOdX7iLV0 root@eltex-practice2-pg1-v14
The key's randomart image is:
+--[ED25519 256]--+
|    .   o.       |
|.  . . +..       |
|..o.  B.+        |
|..o.o*.X .       |
| + +=*B.S .      |
|  * =*== . E     |
|   +. +=o..      |
|     .+.+.       |
|     o....       |
+----[SHA256]-----+

5) gh auth login
? What account do you want to log into? GitHub.com
? What is your preferred protocol for Git operations on this host? SSH
? Upload your SSH public key to your GitHub account? /root/.ssh/fadingtenshi.pub
? Title for your SSH key: eltex-practise2-pg1-v14
? How would you like to authenticate GitHub CLI? Login with a web browser

! First copy your one-time code: C7DB-D273
Press Enter to open github.com in your browser...
! Failed opening a web browser at https://github.com/login/device
  exec: "xdg-open,x-www-browser,www-browser,wslview": executable file not found in $PATH
  Please try entering the URL in your browser manually

✓ Authentication complete.
- gh config set -h github.com git_protocol ssh
✓ Configured git protocol
! Authentication credentials saved in plain text
✓ Uploaded the SSH key to your GitHub account: /root/.ssh/fadingtenshi.pub
✓ Logged in as fadingtenshi

6) gh auth setup-git --hostname github.com

7) gh auth status
github.com
  ✓ Logged in to github.com account fadingtenshi (/root/.config/gh/hosts.yml)
  - Active account: true
  - Git operations protocol: ssh
  - Token: gho_************************************
  - Token scopes: 'admin:public_key', 'gist', 'read:org', 'repo'

8) gh repo create --public eltex_module_1
✓ Created repository fadingtenshi/eltex_module_1 on GitHub
  https://github.com/fadingtenshi/eltex_module_1

9) mkdir ~/eltex_module_1 && cd ~/eltex_module_1
echo "# Eltex module 1 completed logs" >> README.md
git init
Initialized empty Git repository in /root/eltex_module_1/.git/

git add README.md
git commit -m "first commit"
[main (root-commit) 79b552f] first commit
 1 file changed, 1 insertion(+)
 create mode 100644 README.md

git branch -M main
git remote add origin https://github.com/fadingtenshi/eltex_module_1.git
git status
On branch main
nothing to commit, working tree clean

git push -u origin main
Enumerating objects: 3, done.
Counting objects: 100% (3/3), done.
Writing objects: 100% (3/3), 248 bytes | 248.00 KiB/s, done.
Total 3 (delta 0), reused 0 (delta 0), pack-reused 0
To https://github.com/fadingtenshi/eltex_module_1.git
 * [new branch]      main -> main
branch 'main' set up to track 'origin/main'.

mkdir -p module1/task1
mkdir module1/task2
mkdir module1/task3
scp ~/eltex-pg1-v14_part* report_part1.txt root@172.16.9.188:/root/eltex_module_1/module1
git add .
git status
On branch main
Your branch is up to date with 'origin/main'.

Changes to be committed:
  (use "git restore --staged <file>..." to unstage)
        new file:   module1/task1/eltex-pg1-v14_part1.docx
        new file:   module1/task1/eltex-pg1-v14_part2.log
        new file:   module1/task1/eltex-pg1-v14_part3.log
        new file:   module1/task1/eltex-pg1-v14_part3_gt50M.log
        new file:   module1/task1/report_part1.txt

git commit -m "docs: add task1"
[main 350c918] docs: add task1
 5 files changed, 467 insertions(+)
 create mode 100644 module1/task1/eltex-pg1-v14_part1.docx
 create mode 100644 module1/task1/eltex-pg1-v14_part2.log
 create mode 100644 module1/task1/eltex-pg1-v14_part3.log
 create mode 100644 module1/task1/eltex-pg1-v14_part3_gt50M.log
 create mode 100644 module1/task1/report_part1.txt

git push
Enumerating objects: 10, done.
Counting objects: 100% (10/10), done.
Delta compression using up to 2 threads
Compressing objects: 100% (8/8), done.
Writing objects: 100% (9/9), 1.55 MiB | 2.10 MiB/s, done.
Total 9 (delta 0), reused 0 (delta 0), pack-reused 0
To https://github.com/fadingtenshi/eltex_module_1.git
   79b552f..350c918  main -> main

10) mkdir ~/eltex_module_1_clone && cd ~/eltex_module_1_clone
git clone https://github.com/fadingtenshi/eltex_module_1.git .
Cloning into '.'...
remote: Enumerating objects: 12, done.
remote: Counting objects: 100% (12/12), done.
remote: Compressing objects: 100% (9/9), done.
remote: Total 12 (delta 0), reused 12 (delta 0), pack-reused 0 (from 0)
Receiving objects: 100% (12/12), 1.55 MiB | 2.90 MiB/s, done.

11) git fetch
git log origin/main
commit 350c9183d4454057222d3aa05d0e4a4aad01fda4 (HEAD -> main, origin/main, origin/HEAD)
Author: fadingtenshi <pavlovsky2017@yandex.ru>
Date:   Thu Mar 20 16:55:18 2025 +0000

    docs: add task1

commit 79b552f5c3a371ba3b53e6aa639fcedaec5f93fe
Author: fadingtenshi <pavlovsky2017@yandex.ru>
Date:   Thu Mar 20 16:21:57 2025 +0000

    first commit

git diff main origin/main
git merge
Already up to date.


